{"C:\\Users\\vtupa\\Desktop\\Docimg\\scripts\\unitls.js": {"path":"C:\\Users\\vtupa\\Desktop\\Docimg\\scripts\\unitls.js","statementMap":{"0":{"start":{"line":3,"column":4},"end":{"line":3,"column":19}},"1":{"start":{"line":5,"column":2},"end":{"line":5,"column":36}}},"fnMap":{"0":{"name":"sumarPrecios","decl":{"start":{"line":2,"column":9},"end":{"line":2,"column":21}},"loc":{"start":{"line":2,"column":30},"end":{"line":4,"column":3}},"line":2}},"branchMap":{},"s":{"0":1,"1":1},"f":{"0":1},"b":{},"_coverageSchema":"1a1c01bbd47fc00a2c39e90264f33305004495a9","hash":"0ba5352f284250df70d5110f2a02d78c524be63c"}
}
